<?xml version="1.0" encoding="UTF-8"?>
<testsuite name="runners.GetUser" tests="0" skipped="0" failures="0" errors="0" timestamp="1970-01-01T00:00:00" hostname="QV-4398" time="0.0">
  <properties/>
  <system-out><![CDATA[Feature from file:///C:/Automatizaciones/Proyectos_Automatizacion/BDDPracticeServices/src/test/resources/features/get_user.feature

?[31mFailed scenarios:?[0m
?[31mfile:///C:/Automatizaciones/Proyectos_Automatizacion/BDDPracticeServices/src/test/resources/features/get_user.feature:13?[0m# Get response

1 Scenarios (?[31m1 failed?[0m)
2 Steps (?[31m1 failed?[0m, ?[32m1 passed?[0m)
0m6,990s


java.lang.AssertionError: La información del usuario es errada - 
Expected: "Janet"
     but: was null
	at net.serenitybdd.screenplay.ErrorTally.throwSummaryExceptionFrom(ErrorTally.java:36)
	at net.serenitybdd.screenplay.ErrorTally.reportAnyErrors(ErrorTally.java:30)
	at net.serenitybdd.screenplay.Actor.should(Actor.java:316)
	at stepsdefinitions.GetUserStepDefinition.iCanSeeTheDatesOfTheUser(GetUserStepDefinition.java:40)
	at ?.I can see the dates of the user(file:///C:/Automatizaciones/Proyectos_Automatizacion/BDDPracticeServices/src/test/resources/features/get_user.feature:6)


]]></system-out>
  <system-err><![CDATA[[Test worker] WARN io.cucumber.junit.CucumberSerenityRunner - By default Cucumber is running in --non-strict mode.
This default will change to --strict and --non-strict will be removed.
You can use --strict or @CucumberOptions(strict = true) to suppress this warning
[Test worker] INFO  - 

-------------------------------------------------------------------------------------
     _______. _______ .______       _______ .__   __.  __  .___________.____    ____ 
    /       ||   ____||   _  \     |   ____||  \ |  | |  | |           |\   \  /   / 
   |   (----`|  |__   |  |_)  |    |  |__   |   \|  | |  | `---|  |----` \   \/   /  
    \   \    |   __|  |      /     |   __|  |  . `  | |  |     |  |       \_    _/   
.----)   |   |  |____ |  |\  \----.|  |____ |  |\   | |  |     |  |         |  |     
|_______/    |_______|| _| `._____||_______||__| \__| |__|     |__|         |__|    
                                                                                     
 News and tutorials at http://www.serenity-bdd.info                                  
 Documentation at https://wakaleo.gitbooks.io/the-serenity-book/content/             
 Join the Serenity Community on Gitter: https://gitter.im/serenity-bdd/serenity-core 
 Serenity BDD Support and Training at http://serenity-bdd.info/#/trainingandsupport  
 Learn Serenity BDD online at https://www.serenitydojo.net                           
-------------------------------------------------------------------------------------

[Test worker] INFO  - Test Suite Started: As a user I want get information with relation to clients
[pool-2-thread-1] WARN net.thucydides.core.model.failures.FailureAnalysisConfiguration - Could not find error class: exceptions(exceptions)
java.lang.ClassNotFoundException: exceptions
	at java.net.URLClassLoader.findClass(URLClassLoader.java:382)
	at java.lang.ClassLoader.loadClass(ClassLoader.java:418)
	at sun.misc.Launcher$AppClassLoader.loadClass(Launcher.java:355)
	at java.lang.ClassLoader.loadClass(ClassLoader.java:351)
	at java.lang.Class.forName0(Native Method)
	at java.lang.Class.forName(Class.java:264)
	at net.thucydides.core.model.failures.FailureAnalysisConfiguration.typesDefinedIn(FailureAnalysisConfiguration.java:146)
	at net.thucydides.core.model.failures.FailureAnalysisConfiguration.compromisedTypesDefinedIn(FailureAnalysisConfiguration.java:129)
	at net.thucydides.core.model.failures.FailureAnalysisConfiguration.pendingTypes(FailureAnalysisConfiguration.java:85)
	at net.thucydides.core.model.failures.FailureAnalysis.reportAsPending(FailureAnalysis.java:111)
	at net.thucydides.core.model.failures.FailureAnalysis.resultFor(FailureAnalysis.java:44)
	at net.thucydides.core.model.TestOutcome.testResultFromFailureClassname(TestOutcome.java:1361)
	at net.thucydides.core.model.TestOutcome.getResult(TestOutcome.java:1349)
	at net.thucydides.core.model.TestOutcome.calculateDynamicFieldValues(TestOutcome.java:347)
	at net.thucydides.core.reports.json.gson.GsonJSONConverter.toJson(GsonJSONConverter.java:81)
	at net.thucydides.core.reports.json.JSONTestOutcomeReporter.generateReportFor(JSONTestOutcomeReporter.java:60)
	at net.thucydides.core.reports.ReportService.generateReportFor(ReportService.java:239)
	at net.thucydides.core.reports.ReportService.lambda$generateReportsFor$0(ReportService.java:177)
	at java.util.concurrent.Executors$RunnableAdapter.call(Executors.java:511)
	at java.util.concurrent.FutureTask.run(FutureTask.java:266)
	at java.util.concurrent.ThreadPoolExecutor.runWorker(ThreadPoolExecutor.java:1149)
	at java.util.concurrent.ThreadPoolExecutor$Worker.run(ThreadPoolExecutor.java:624)
	at java.lang.Thread.run(Thread.java:748)
[pool-2-thread-1] WARN net.thucydides.core.model.failures.FailureAnalysisConfiguration - Could not find error class: exceptions(exceptions)
java.lang.ClassNotFoundException: exceptions
	at java.net.URLClassLoader.findClass(URLClassLoader.java:382)
	at java.lang.ClassLoader.loadClass(ClassLoader.java:418)
	at sun.misc.Launcher$AppClassLoader.loadClass(Launcher.java:355)
	at java.lang.ClassLoader.loadClass(ClassLoader.java:351)
	at java.lang.Class.forName0(Native Method)
	at java.lang.Class.forName(Class.java:264)
	at net.thucydides.core.model.failures.FailureAnalysisConfiguration.typesDefinedIn(FailureAnalysisConfiguration.java:146)
	at net.thucydides.core.model.failures.FailureAnalysisConfiguration.compromisedTypesDefinedIn(FailureAnalysisConfiguration.java:129)
	at net.thucydides.core.model.failures.FailureAnalysisConfiguration.skippedTypes(FailureAnalysisConfiguration.java:97)
	at net.thucydides.core.model.failures.FailureAnalysis.reportAsSkipped(FailureAnalysis.java:123)
	at net.thucydides.core.model.failures.FailureAnalysis.resultFor(FailureAnalysis.java:47)
	at net.thucydides.core.model.TestOutcome.testResultFromFailureClassname(TestOutcome.java:1361)
	at net.thucydides.core.model.TestOutcome.getResult(TestOutcome.java:1349)
	at net.thucydides.core.model.TestOutcome.calculateDynamicFieldValues(TestOutcome.java:347)
	at net.thucydides.core.reports.json.gson.GsonJSONConverter.toJson(GsonJSONConverter.java:81)
	at net.thucydides.core.reports.json.JSONTestOutcomeReporter.generateReportFor(JSONTestOutcomeReporter.java:60)
	at net.thucydides.core.reports.ReportService.generateReportFor(ReportService.java:239)
	at net.thucydides.core.reports.ReportService.lambda$generateReportsFor$0(ReportService.java:177)
	at java.util.concurrent.Executors$RunnableAdapter.call(Executors.java:511)
	at java.util.concurrent.FutureTask.run(FutureTask.java:266)
	at java.util.concurrent.ThreadPoolExecutor.runWorker(ThreadPoolExecutor.java:1149)
	at java.util.concurrent.ThreadPoolExecutor$Worker.run(ThreadPoolExecutor.java:624)
	at java.lang.Thread.run(Thread.java:748)
[pool-2-thread-1] WARN net.thucydides.core.model.failures.FailureAnalysisConfiguration - Could not find error class: exceptions(exceptions)
java.lang.ClassNotFoundException: exceptions
	at java.net.URLClassLoader.findClass(URLClassLoader.java:382)
	at java.lang.ClassLoader.loadClass(ClassLoader.java:418)
	at sun.misc.Launcher$AppClassLoader.loadClass(Launcher.java:355)
	at java.lang.ClassLoader.loadClass(ClassLoader.java:351)
	at java.lang.Class.forName0(Native Method)
	at java.lang.Class.forName(Class.java:264)
	at net.thucydides.core.model.failures.FailureAnalysisConfiguration.typesDefinedIn(FailureAnalysisConfiguration.java:146)
	at net.thucydides.core.model.failures.FailureAnalysisConfiguration.compromisedTypesDefinedIn(FailureAnalysisConfiguration.java:129)
	at net.thucydides.core.model.failures.FailureAnalysisConfiguration.compromisedTypes(FailureAnalysisConfiguration.java:70)
	at net.thucydides.core.model.failures.FailureAnalysis.reportAsCompromised(FailureAnalysis.java:99)
	at net.thucydides.core.model.failures.FailureAnalysis.resultFor(FailureAnalysis.java:50)
	at net.thucydides.core.model.TestOutcome.testResultFromFailureClassname(TestOutcome.java:1361)
	at net.thucydides.core.model.TestOutcome.getResult(TestOutcome.java:1349)
	at net.thucydides.core.model.TestOutcome.calculateDynamicFieldValues(TestOutcome.java:347)
	at net.thucydides.core.reports.json.gson.GsonJSONConverter.toJson(GsonJSONConverter.java:81)
	at net.thucydides.core.reports.json.JSONTestOutcomeReporter.generateReportFor(JSONTestOutcomeReporter.java:60)
	at net.thucydides.core.reports.ReportService.generateReportFor(ReportService.java:239)
	at net.thucydides.core.reports.ReportService.lambda$generateReportsFor$0(ReportService.java:177)
	at java.util.concurrent.Executors$RunnableAdapter.call(Executors.java:511)
	at java.util.concurrent.FutureTask.run(FutureTask.java:266)
	at java.util.concurrent.ThreadPoolExecutor.runWorker(ThreadPoolExecutor.java:1149)
	at java.util.concurrent.ThreadPoolExecutor$Worker.run(ThreadPoolExecutor.java:624)
	at java.lang.Thread.run(Thread.java:748)
[pool-2-thread-1] WARN net.thucydides.core.model.failures.FailureAnalysisConfiguration - Could not find error class: exceptions(exceptions)
java.lang.ClassNotFoundException: exceptions
	at java.net.URLClassLoader.findClass(URLClassLoader.java:382)
	at java.lang.ClassLoader.loadClass(ClassLoader.java:418)
	at sun.misc.Launcher$AppClassLoader.loadClass(Launcher.java:355)
	at java.lang.ClassLoader.loadClass(ClassLoader.java:351)
	at java.lang.Class.forName0(Native Method)
	at java.lang.Class.forName(Class.java:264)
	at net.thucydides.core.model.failures.FailureAnalysisConfiguration.typesDefinedIn(FailureAnalysisConfiguration.java:146)
	at net.thucydides.core.model.failures.FailureAnalysisConfiguration.compromisedTypesDefinedIn(FailureAnalysisConfiguration.java:129)
	at net.thucydides.core.model.failures.FailureAnalysisConfiguration.failureTypes(FailureAnalysisConfiguration.java:61)
	at net.thucydides.core.model.failures.FailureAnalysis.reportAsFailure(FailureAnalysis.java:87)
	at net.thucydides.core.model.failures.FailureAnalysis.resultFor(FailureAnalysis.java:53)
	at net.thucydides.core.model.TestOutcome.testResultFromFailureClassname(TestOutcome.java:1361)
	at net.thucydides.core.model.TestOutcome.getResult(TestOutcome.java:1349)
	at net.thucydides.core.model.TestOutcome.calculateDynamicFieldValues(TestOutcome.java:347)
	at net.thucydides.core.reports.json.gson.GsonJSONConverter.toJson(GsonJSONConverter.java:81)
	at net.thucydides.core.reports.json.JSONTestOutcomeReporter.generateReportFor(JSONTestOutcomeReporter.java:60)
	at net.thucydides.core.reports.ReportService.generateReportFor(ReportService.java:239)
	at net.thucydides.core.reports.ReportService.lambda$generateReportsFor$0(ReportService.java:177)
	at java.util.concurrent.Executors$RunnableAdapter.call(Executors.java:511)
	at java.util.concurrent.FutureTask.run(FutureTask.java:266)
	at java.util.concurrent.ThreadPoolExecutor.runWorker(ThreadPoolExecutor.java:1149)
	at java.util.concurrent.ThreadPoolExecutor$Worker.run(ThreadPoolExecutor.java:624)
	at java.lang.Thread.run(Thread.java:748)
]]></system-err>
</testsuite>
